0 info it worked if it ends with ok
1 verbose cli [ '/usr/local/bin/node', '/usr/local/bin/npm', 'start' ]
2 info using npm@1.1.66
3 info using node@v0.8.15
4 verbose read json /home/hortinstein/Documents/impurger/package.json
5 warn package.json impurger@0.0.1 No README.md file found!
6 verbose run-script [ 'prestart', 'start', 'poststart' ]
7 info prestart impurger@0.0.1
8 info start impurger@0.0.1
9 verbose unsafe-perm in lifecycle true
10 silly exec sh "-c" "impurger.js"
11 silly sh,-c,impurger.js,/home/hortinstein/Documents/impurger spawning
12 info impurger@0.0.1 Failed to exec start script
13 error impurger@0.0.1 start: `impurger.js`
13 error `sh "-c" "impurger.js"` failed with 127
14 error Failed at the impurger@0.0.1 start script.
14 error This is most likely a problem with the impurger package,
14 error not with npm itself.
14 error Tell the author that this fails on your system:
14 error     impurger.js
14 error You can get their info via:
14 error     npm owner ls impurger
14 error There is likely additional logging output above.
15 error System Linux 3.5.0-19-generic
16 error command "/usr/local/bin/node" "/usr/local/bin/npm" "start"
17 error cwd /home/hortinstein/Documents/impurger
18 error node -v v0.8.15
19 error npm -v 1.1.66
20 error code ELIFECYCLE
21 verbose exit [ 1, true ]
